<?xml version="1.0" encoding="UTF-8"?>
<!-- Generated by org.testng.reporters.JUnitReportReporter -->
<testsuite hostname="SWWAPNILL" failures="0" tests="2" name="test_package.TestNG_hrm" time="52.490" errors="0" timestamp="2022-07-05T09:44:50 IST" skipped="0">
  <testcase classname="test_package.TestNG_hrm" name="ValidateAdminTab" time="47.920"/>
  <system-out/>
  <testcase classname="test_package.TestNG_hrm" name="ValidateHomepage" time="4.570"/>
  <system-out/>
</testsuite> <!-- test_package.TestNG_hrm -->
