<?xml version="1.0" encoding="UTF-8"?>
<!-- Generated by org.testng.reporters.JUnitReportReporter -->
<testsuite hostname="SWWAPNILL" failures="0" tests="3" name="test_package.DemoTestClassWithTestNG" time="0.013" errors="0" timestamp="2022-06-28T23:35:26 IST" skipped="0">
  <testcase classname="test_package.DemoTestClassWithTestNG" name="test1" time="0.003"/>
  <system-out/>
  <testcase classname="test_package.DemoTestClassWithTestNG" name="test2" time="0.008"/>
  <system-out/>
  <testcase classname="test_package.DemoTestClassWithTestNG" name="test3" time="0.002"/>
  <system-out/>
</testsuite> <!-- test_package.DemoTestClassWithTestNG -->
