<?xml version="1.0" encoding="UTF-8"?>
<!-- Generated by org.testng.reporters.JUnitReportReporter -->
<testsuite hostname="SWWAPNILL" failures="0" tests="8" name="test_package.Keywords_annotation_In_TestNG" time="0.042" errors="0" timestamp="2022-07-04T20:48:40 IST" skipped="1">
  <testcase classname="test_package.Keywords_annotation_In_TestNG" name="test4" time="0.010"/>
  <system-out/>
  <testcase classname="test_package.Keywords_annotation_In_TestNG" name="test6" time="0.016"/>
  <system-out/>
  <testcase classname="test_package.Keywords_annotation_In_TestNG" name="test1" time="0.005"/>
  <system-out/>
  <testcase classname="test_package.Keywords_annotation_In_TestNG" name="test2" time="0.003"/>
  <system-out/>
  <testcase classname="test_package.Keywords_annotation_In_TestNG" name="test2" time="0.003"/>
  <system-out/>
  <testcase classname="test_package.Keywords_annotation_In_TestNG" name="test2" time="0.003"/>
  <system-out/>
  <testcase classname="test_package.Keywords_annotation_In_TestNG" name="test3" time="0.002"/>
  <system-out/>
  <testcase classname="test_package.Keywords_annotation_In_TestNG" name="test5">
    <skipped/>
  </testcase> <!-- test5 -->
  <system-out/>
</testsuite> <!-- test_package.Keywords_annotation_In_TestNG -->
