<?xml version="1.0" encoding="UTF-8"?>
<!-- Generated by org.testng.reporters.JUnitReportReporter -->
<testsuite hostname="SWWAPNILL" failures="0" tests="1" name="test_package.FBTNG" time="0.475" errors="0" timestamp="2022-07-05T09:44:50 IST" skipped="0">
  <testcase classname="test_package.FBTNG" name="test1" time="0.475"/>
  <system-out/>
</testsuite> <!-- test_package.FBTNG -->
