<?xml version="1.0" encoding="UTF-8"?>
<!-- Generated by org.testng.reporters.JUnitReportReporter -->
<testsuite hostname="SWWAPNILL" failures="0" tests="8" name="test_package.Keywords_In_TestNG" time="0.018" errors="0" timestamp="2022-06-29T15:55:37 IST" skipped="1">
  <testcase classname="test_package.Keywords_In_TestNG" name="test4" time="0.006"/>
  <system-out/>
  <testcase classname="test_package.Keywords_In_TestNG" name="test6" time="0.006"/>
  <system-out/>
  <testcase classname="test_package.Keywords_In_TestNG" name="test1" time="0.002"/>
  <system-out/>
  <testcase classname="test_package.Keywords_In_TestNG" name="test2" time="0.001"/>
  <system-out/>
  <testcase classname="test_package.Keywords_In_TestNG" name="test2" time="0.002"/>
  <system-out/>
  <testcase classname="test_package.Keywords_In_TestNG" name="test2" time="0.000"/>
  <system-out/>
  <testcase classname="test_package.Keywords_In_TestNG" name="test3" time="0.001"/>
  <system-out/>
  <testcase classname="test_package.Keywords_In_TestNG" name="test5">
    <skipped/>
  </testcase> <!-- test5 -->
  <system-out/>
</testsuite> <!-- test_package.Keywords_In_TestNG -->
