<?xml version="1.0" encoding="UTF-8"?>
<!-- Generated by org.testng.reporters.JUnitReportReporter -->
<testsuite hostname="SWWAPNILL" failures="0" tests="1" name="test_package.FbTest" time="0.356" errors="0" timestamp="2022-06-28T23:36:05 IST" skipped="0">
  <testcase classname="test_package.FbTest" name="test" time="0.356"/>
  <system-out/>
</testsuite> <!-- test_package.FbTest -->
